2025-01-01 fake commit
2025-01-02 fake commit
2025-01-03 fake commit
2025-01-04 fake commit
2025-01-05 fake commit
2025-01-06 fake commit
2025-01-07 fake commit
2025-01-08 fake commit
2025-01-09 fake commit
2025-01-10 fake commit
2025-01-11 fake commit
2025-01-12 fake commit
2025-01-13 fake commit
2025-01-14 fake commit
2025-01-15 fake commit
2025-01-16 fake commit
2025-01-17 fake commit
2025-01-18 fake commit
2025-01-19 fake commit
2025-01-20 fake commit
2025-01-21 fake commit
2025-01-22 fake commit
2025-01-23 fake commit
2025-01-24 fake commit
2025-01-25 fake commit
2025-01-26 fake commit
2025-01-27 fake commit
2025-01-28 fake commit
2025-01-29 fake commit
2025-01-30 fake commit
2025-01-31 fake commit
2025-02-01 fake commit
2025-02-02 fake commit
2025-02-03 fake commit
2025-02-04 fake commit
2025-02-05 fake commit
2025-02-06 fake commit
2025-02-07 fake commit
2025-02-08 fake commit
2025-02-09 fake commit
2025-02-10 fake commit
2025-02-11 fake commit
2025-02-12 fake commit
2025-02-13 fake commit
2025-02-14 fake commit
2025-02-15 fake commit
2025-02-16 fake commit
2025-02-17 fake commit
2025-02-18 fake commit
2025-02-19 fake commit
2025-02-20 fake commit
2025-02-21 fake commit
2025-02-22 fake commit
2025-02-23 fake commit
2025-02-24 fake commit
2025-02-25 fake commit
2025-02-26 fake commit
2025-02-27 fake commit
2025-02-28 fake commit
2025-03-01 fake commit
2025-03-02 fake commit
2025-03-03 fake commit
2025-03-04 fake commit
2025-03-05 fake commit
2025-03-06 fake commit
2025-03-07 fake commit
2025-03-08 fake commit
2025-03-09 fake commit
2025-03-10 fake commit
2025-03-11 fake commit
2025-03-12 fake commit
2025-03-13 fake commit
2025-03-14 fake commit
2025-03-15 fake commit
2025-03-16 fake commit
2025-03-17 fake commit
2025-03-18 fake commit
2025-03-19 fake commit
2025-03-20 fake commit
2025-03-21 fake commit
2025-03-22 fake commit
2025-03-23 fake commit
2025-03-24 fake commit
2025-03-25 fake commit
2025-03-26 fake commit
2025-03-27 fake commit
2025-03-28 fake commit
2025-03-29 fake commit
2025-03-30 fake commit
2025-03-31 fake commit
2025-04-01 fake commit
2025-04-02 fake commit
2025-04-03 fake commit
2025-04-04 fake commit
2025-04-05 fake commit
2025-04-06 fake commit
2025-04-07 fake commit
2025-04-08 fake commit
2025-04-09 fake commit
2025-04-10 fake commit
2025-04-11 fake commit
2025-04-12 fake commit
2025-04-13 fake commit
2025-04-14 fake commit
2025-04-15 fake commit
2025-04-16 fake commit
2025-04-17 fake commit
2025-04-18 fake commit
2025-04-19 fake commit
2025-04-20 fake commit
2025-04-21 fake commit
2025-04-22 fake commit
2025-04-23 fake commit
2025-04-24 fake commit
2025-04-25 fake commit
2025-04-26 fake commit
2025-04-27 fake commit
2025-04-28 fake commit
2025-04-29 fake commit
2025-04-30 fake commit
2025-05-01 fake commit
2025-05-02 fake commit
2025-05-03 fake commit
2025-05-04 fake commit
2025-05-05 fake commit
2025-05-06 fake commit
2025-05-07 fake commit
2025-05-08 fake commit
2025-05-09 fake commit
2025-05-10 fake commit
2025-05-11 fake commit
2025-05-12 fake commit
2025-05-13 fake commit
2025-05-14 fake commit
2025-05-15 fake commit
2025-05-16 fake commit
2025-05-17 fake commit
2025-05-18 fake commit
2025-05-19 fake commit
2025-05-20 fake commit
2025-05-21 fake commit
2025-05-22 fake commit
2025-05-23 fake commit
2025-05-24 fake commit
2025-05-25 fake commit
2025-05-26 fake commit
2025-05-27 fake commit
2025-05-28 fake commit
2025-05-29 fake commit
2025-05-30 fake commit
2025-05-31 fake commit
2025-01-01 fake commit
2025-01-02 fake commit
2025-01-03 fake commit
2025-01-04 fake commit
2025-01-05 fake commit
2025-01-06 fake commit
2025-01-07 fake commit
2025-01-08 fake commit
2025-01-09 fake commit
2025-01-10 fake commit
2025-01-11 fake commit
2025-01-12 fake commit
2025-01-13 fake commit
2025-01-14 fake commit
2025-01-15 fake commit
2025-01-16 fake commit
2025-01-17 fake commit
2025-01-18 fake commit
2025-01-19 fake commit
2025-01-20 fake commit
2025-01-21 fake commit
2025-01-22 fake commit
2025-01-23 fake commit
2025-01-24 fake commit
2025-01-25 fake commit
2025-01-26 fake commit
2025-01-27 fake commit
2025-01-28 fake commit
2025-01-29 fake commit
2025-01-30 fake commit
2025-01-31 fake commit
2025-02-01 fake commit
2025-02-02 fake commit
2025-02-03 fake commit
2025-02-04 fake commit
2025-02-05 fake commit
2025-02-06 fake commit
2025-02-07 fake commit
2025-02-08 fake commit
2025-02-09 fake commit
2025-02-10 fake commit
2025-02-11 fake commit
2025-02-12 fake commit
2025-02-13 fake commit
2025-02-14 fake commit
2025-02-15 fake commit
2025-02-16 fake commit
2025-02-17 fake commit
2025-02-18 fake commit
2025-02-19 fake commit
2025-02-20 fake commit
2025-02-21 fake commit
2025-02-22 fake commit
2025-02-23 fake commit
2025-02-24 fake commit
2025-02-25 fake commit
2025-02-26 fake commit
2025-02-27 fake commit
2025-02-28 fake commit
2025-03-01 fake commit
2025-03-02 fake commit
2025-03-03 fake commit
2025-03-04 fake commit
2025-03-05 fake commit
2025-03-06 fake commit
2025-03-07 fake commit
2025-03-08 fake commit
2025-03-09 fake commit
2025-03-10 fake commit
2025-03-11 fake commit
2025-03-12 fake commit
2025-03-13 fake commit
2025-03-14 fake commit
2025-03-15 fake commit
2025-03-16 fake commit
2025-03-17 fake commit
2025-03-18 fake commit
2025-03-19 fake commit
2025-03-20 fake commit
2025-03-21 fake commit
2025-03-22 fake commit
2025-03-23 fake commit
2025-03-24 fake commit
2025-03-25 fake commit
2025-03-26 fake commit
2025-03-27 fake commit
2025-03-28 fake commit
2025-03-29 fake commit
2025-03-30 fake commit
2025-03-31 fake commit
2025-04-01 fake commit
2025-04-02 fake commit
2025-04-03 fake commit
2025-04-04 fake commit
2025-04-05 fake commit
2025-04-06 fake commit
2025-04-07 fake commit
2025-04-08 fake commit
2025-04-09 fake commit
2025-04-10 fake commit
2025-04-11 fake commit
2025-04-12 fake commit
2025-04-13 fake commit
2025-04-14 fake commit
2025-04-15 fake commit
2025-04-16 fake commit
2025-04-17 fake commit
2025-04-18 fake commit
2025-04-19 fake commit
2025-04-20 fake commit
2025-04-21 fake commit
2025-04-22 fake commit
2025-04-23 fake commit
2025-04-24 fake commit
2025-04-25 fake commit
2025-04-26 fake commit
2025-04-27 fake commit
2025-04-28 fake commit
2025-04-29 fake commit
2025-04-30 fake commit
2025-05-01 fake commit
2025-05-02 fake commit
2025-05-03 fake commit
2025-05-04 fake commit
2025-05-05 fake commit
2025-05-06 fake commit
2025-05-07 fake commit
2025-05-08 fake commit
2025-05-09 fake commit
2025-05-10 fake commit
2025-05-11 fake commit
2025-05-12 fake commit
2025-05-13 fake commit
2025-05-14 fake commit
2025-05-15 fake commit
2025-05-16 fake commit
2025-05-17 fake commit
2025-05-18 fake commit
2025-05-19 fake commit
2025-05-20 fake commit
2025-05-21 fake commit
2025-05-22 fake commit
2025-05-23 fake commit
2025-05-24 fake commit
2025-05-25 fake commit
2025-05-26 fake commit
2025-05-27 fake commit
2025-05-28 fake commit
2025-05-29 fake commit
2025-05-30 fake commit
2025-05-31 fake commit
2025-01-01 Optimize loop 1
2025-01-01 Add test case 2
2025-01-02 Fix typo 1
2025-01-02 Fix typo 2
2025-01-03 Add test case 1
2025-01-03 Update docs 2
2025-01-06 Add test case 1
2025-01-06 Optimize loop 2
2025-01-07 Optimize loop 1
2025-01-07 Optimize loop 2
2025-01-07 Fix typo 3
2025-01-08 Update docs 1
2025-01-08 Fix bug in edge case 2
2025-01-09 Optimize loop 1
